ARM GAS  C:\Users\santa\AppData\Local\Temp\cckbqkvN.s 			page 1


   1              		.syntax unified
   2              		.cpu cortex-m3
   3              		.fpu softvfp
   4              		.eabi_attribute 20, 1
   5              		.eabi_attribute 21, 1
   6              		.eabi_attribute 23, 3
   7              		.eabi_attribute 24, 1
   8              		.eabi_attribute 25, 1
   9              		.eabi_attribute 26, 1
  10              		.eabi_attribute 30, 1
  11              		.eabi_attribute 34, 1
  12              		.eabi_attribute 18, 4
  13              		.thumb
  14              		.syntax unified
  15              		.file	"cymetadata.c"
  16              		.text
  17              	.Ltext0:
  18              		.cfi_sections	.debug_frame
  19              		.global	cy_metadata
  20              		.global	cy_meta_flashprotect
  21              		.global	cy_meta_wonvl
  22              		.global	cy_meta_custnvl
  23              		.global	cy_meta_configecc
  24              		.section	.cyconfigecc,"a",%progbits
  25              		.align	2
  26              		.type	cy_meta_configecc, %object
  27              		.size	cy_meta_configecc, 196
  28              	cy_meta_configecc:
  29 0000 01       		.byte	1
  30 0001 09       		.byte	9
  31 0002 01       		.byte	1
  32 0003 40       		.byte	64
  33 0004 04       		.byte	4
  34 0005 0A       		.byte	10
  35 0006 01       		.byte	1
  36 0007 40       		.byte	64
  37 0008 01       		.byte	1
  38 0009 0B       		.byte	11
  39 000a 01       		.byte	1
  40 000b 40       		.byte	64
  41 000c 02       		.byte	2
  42 000d 15       		.byte	21
  43 000e 01       		.byte	1
  44 000f 40       		.byte	64
  45 0010 02       		.byte	2
  46 0011 1B       		.byte	27
  47 0012 01       		.byte	1
  48 0013 40       		.byte	64
  49 0014 02       		.byte	2
  50 0015 40       		.byte	64
  51 0016 01       		.byte	1
  52 0017 40       		.byte	64
  53 0018 01       		.byte	1
  54 0019 41       		.byte	65
  55 001a 01       		.byte	1
  56 001b 40       		.byte	64
  57 001c 01       		.byte	1
ARM GAS  C:\Users\santa\AppData\Local\Temp\cckbqkvN.s 			page 2


  58 001d 42       		.byte	66
  59 001e 01       		.byte	1
  60 001f 40       		.byte	64
  61 0020 01       		.byte	1
  62 0021 43       		.byte	67
  63 0022 01       		.byte	1
  64 0023 40       		.byte	64
  65 0024 02       		.byte	2
  66 0025 44       		.byte	68
  67 0026 01       		.byte	1
  68 0027 40       		.byte	64
  69 0028 01       		.byte	1
  70 0029 45       		.byte	69
  71 002a 01       		.byte	1
  72 002b 40       		.byte	64
  73 002c 03       		.byte	3
  74 002d 46       		.byte	70
  75 002e 01       		.byte	1
  76 002f 40       		.byte	64
  77 0030 03       		.byte	3
  78 0031 47       		.byte	71
  79 0032 01       		.byte	1
  80 0033 40       		.byte	64
  81 0034 03       		.byte	3
  82 0035 48       		.byte	72
  83 0036 01       		.byte	1
  84 0037 40       		.byte	64
  85 0038 03       		.byte	3
  86 0039 49       		.byte	73
  87 003a 01       		.byte	1
  88 003b 40       		.byte	64
  89 003c 03       		.byte	3
  90 003d 4C       		.byte	76
  91 003e 01       		.byte	1
  92 003f 40       		.byte	64
  93 0040 03       		.byte	3
  94 0041 4D       		.byte	77
  95 0042 01       		.byte	1
  96 0043 40       		.byte	64
  97 0044 01       		.byte	1
  98 0045 51       		.byte	81
  99 0046 01       		.byte	1
 100 0047 40       		.byte	64
 101 0048 B5       		.byte	-75
 102 0049 02       		.byte	2
 103 004a B8       		.byte	-72
 104 004b 02       		.byte	2
 105 004c BE       		.byte	-66
 106 004d 01       		.byte	1
 107 004e D8       		.byte	-40
 108 004f 04       		.byte	4
 109 0050 DF       		.byte	-33
 110 0051 01       		.byte	1
 111 0052 1D       		.byte	29
 112 0053 02       		.byte	2
 113 0054 EC       		.byte	-20
 114 0055 10       		.byte	16
ARM GAS  C:\Users\santa\AppData\Local\Temp\cckbqkvN.s 			page 3


 115 0056 EE       		.byte	-18
 116 0057 08       		.byte	8
 117 0058 EC       		.byte	-20
 118 0059 10       		.byte	16
 119 005a EE       		.byte	-18
 120 005b 08       		.byte	8
 121 005c 33       		.byte	51
 122 005d 20       		.byte	32
 123 005e CC       		.byte	-52
 124 005f 10       		.byte	16
 125 0060 A7       		.byte	-89
 126 0061 20       		.byte	32
 127 0062 A7       		.byte	-89
 128 0063 20       		.byte	32
 129 0064 A7       		.byte	-89
 130 0065 20       		.byte	32
 131 0066 7C       		.byte	124
 132 0067 01       		.byte	1
 133 0068 DE       		.byte	-34
 134 0069 01       		.byte	1
 135 006a 94       		.byte	-108
 136 006b 01       		.byte	1
 137 006c 45       		.byte	69
 138 006d 08       		.byte	8
 139 006e 94       		.byte	-108
 140 006f 01       		.byte	1
 141 0070 D0       		.byte	-48
 142 0071 01       		.byte	1
 143 0072 A5       		.byte	-91
 144 0073 08       		.byte	8
 145 0074 B4       		.byte	-76
 146 0075 01       		.byte	1
 147 0076 EC       		.byte	-20
 148 0077 08       		.byte	8
 149 0078 25       		.byte	37
 150 0079 10       		.byte	16
 151 007a A7       		.byte	-89
 152 007b 20       		.byte	32
 153 007c C8       		.byte	-56
 154 007d 20       		.byte	32
 155 007e AF       		.byte	-81
 156 007f 20       		.byte	32
 157 0080 B5       		.byte	-75
 158 0081 10       		.byte	16
 159 0082 EE       		.byte	-18
 160 0083 10       		.byte	16
 161 0084 1F       		.byte	31
 162 0085 80       		.byte	-128
 163 0086 A5       		.byte	-91
 164 0087 08       		.byte	8
 165 0088 C6       		.byte	-58
 166 0089 01       		.byte	1
 167 008a AF       		.byte	-81
 168 008b 80       		.byte	-128
 169 008c B5       		.byte	-75
 170 008d 08       		.byte	8
 171 008e EC       		.byte	-20
ARM GAS  C:\Users\santa\AppData\Local\Temp\cckbqkvN.s 			page 4


 172 008f 08       		.byte	8
 173 0090 00       		.byte	0
 174 0091 03       		.byte	3
 175 0092 00       		.byte	0
 176 0093 00       		.byte	0
 177 0094 00       		.byte	0
 178 0095 00       		.byte	0
 179 0096 00       		.byte	0
 180 0097 00       		.byte	0
 181 0098 00       		.byte	0
 182 0099 00       		.byte	0
 183 009a 04       		.byte	4
 184 009b 00       		.byte	0
 185 009c 00       		.byte	0
 186 009d 7F       		.byte	127
 187 009e 7F       		.byte	127
 188 009f 00       		.byte	0
 189 00a0 00       		.byte	0
 190 00a1 00       		.byte	0
 191 00a2 00       		.byte	0
 192 00a3 00       		.byte	0
 193 00a4 00       		.byte	0
 194 00a5 0B       		.byte	11
 195 00a6 0B       		.byte	11
 196 00a7 00       		.byte	0
 197 00a8 00       		.byte	0
 198 00a9 00       		.byte	0
 199 00aa 00       		.byte	0
 200 00ab 00       		.byte	0
 201 00ac 00       		.byte	0
 202 00ad 00       		.byte	0
 203 00ae 00       		.byte	0
 204 00af 00       		.byte	0
 205 00b0 00       		.byte	0
 206 00b1 00       		.byte	0
 207 00b2 08       		.byte	8
 208 00b3 00       		.byte	0
 209 00b4 00       		.byte	0
 210 00b5 00       		.byte	0
 211 00b6 00       		.byte	0
 212 00b7 00       		.byte	0
 213 00b8 00       		.byte	0
 214 00b9 00       		.byte	0
 215 00ba 08       		.byte	8
 216 00bb 00       		.byte	0
 217 00bc 01       		.byte	1
 218 00bd 00       		.byte	0
 219 00be 18       		.byte	24
 220 00bf 01       		.byte	1
 221 00c0 07       		.byte	7
 222 00c1 00       		.byte	0
 223 00c2 18       		.byte	24
 224 00c3 01       		.byte	1
 225              		.section	.cywolatch,"a",%progbits
 226              		.align	2
 227              		.type	cy_meta_wonvl, %object
 228              		.size	cy_meta_wonvl, 4
ARM GAS  C:\Users\santa\AppData\Local\Temp\cckbqkvN.s 			page 5


 229              	cy_meta_wonvl:
 230 0000 BC       		.byte	-68
 231 0001 90       		.byte	-112
 232 0002 AC       		.byte	-84
 233 0003 AF       		.byte	-81
 234              		.section	.cycustnvl,"a",%progbits
 235              		.align	2
 236              		.type	cy_meta_custnvl, %object
 237              		.size	cy_meta_custnvl, 4
 238              	cy_meta_custnvl:
 239 0000 00       		.byte	0
 240 0001 00       		.byte	0
 241 0002 40       		.byte	64
 242 0003 05       		.byte	5
 243              		.section	.cymeta,"a",%progbits
 244              		.align	2
 245              		.type	cy_metadata, %object
 246              		.size	cy_metadata, 12
 247              	cy_metadata:
 248 0000 00       		.byte	0
 249 0001 01       		.byte	1
 250 0002 2E       		.byte	46
 251 0003 16       		.byte	22
 252 0004 10       		.byte	16
 253 0005 69       		.byte	105
 254 0006 00       		.byte	0
 255 0007 01       		.byte	1
 256 0008 00       		.byte	0
 257 0009 00       		.byte	0
 258 000a 00       		.byte	0
 259 000b 00       		.byte	0
 260              		.section	.cyflashprotect,"a",%progbits
 261              		.align	2
 262              		.type	cy_meta_flashprotect, %object
 263              		.size	cy_meta_flashprotect, 256
 264              	cy_meta_flashprotect:
 265 0000 00000000 		.space	256
 265      00000000 
 265      00000000 
 265      00000000 
 265      00000000 
 266              		.text
 267              	.Letext0:
 268              		.file 1 "c:\\program files (x86)\\cypress\\psoc creator\\4.2\\psoc creator\\import\\gnu\\arm\\5.4.
 269              		.file 2 "c:\\program files (x86)\\cypress\\psoc creator\\4.2\\psoc creator\\import\\gnu\\arm\\5.4.
 270              		.file 3 "Generated_Source\\PSoC5\\cymetadata.c"
 271              		.section	.debug_info,"",%progbits
 272              	.Ldebug_info0:
 273 0000 30010000 		.4byte	0x130
 274 0004 0400     		.2byte	0x4
 275 0006 00000000 		.4byte	.Ldebug_abbrev0
 276 000a 04       		.byte	0x4
 277 000b 01       		.uleb128 0x1
 278 000c 5F000000 		.4byte	.LASF17
 279 0010 0C       		.byte	0xc
 280 0011 C7010000 		.4byte	.LASF18
 281 0015 16000000 		.4byte	.LASF19
ARM GAS  C:\Users\santa\AppData\Local\Temp\cckbqkvN.s 			page 6


 282 0019 00000000 		.4byte	.Ldebug_line0
 283 001d 02       		.uleb128 0x2
 284 001e 01       		.byte	0x1
 285 001f 06       		.byte	0x6
 286 0020 BB010000 		.4byte	.LASF0
 287 0024 03       		.uleb128 0x3
 288 0025 00000000 		.4byte	.LASF9
 289 0029 01       		.byte	0x1
 290 002a 1D       		.byte	0x1d
 291 002b 2F000000 		.4byte	0x2f
 292 002f 02       		.uleb128 0x2
 293 0030 01       		.byte	0x1
 294 0031 08       		.byte	0x8
 295 0032 12010000 		.4byte	.LASF1
 296 0036 02       		.uleb128 0x2
 297 0037 02       		.byte	0x2
 298 0038 05       		.byte	0x5
 299 0039 A8010000 		.4byte	.LASF2
 300 003d 02       		.uleb128 0x2
 301 003e 02       		.byte	0x2
 302 003f 07       		.byte	0x7
 303 0040 FF000000 		.4byte	.LASF3
 304 0044 02       		.uleb128 0x2
 305 0045 04       		.byte	0x4
 306 0046 05       		.byte	0x5
 307 0047 B2010000 		.4byte	.LASF4
 308 004b 02       		.uleb128 0x2
 309 004c 04       		.byte	0x4
 310 004d 07       		.byte	0x7
 311 004e ED000000 		.4byte	.LASF5
 312 0052 02       		.uleb128 0x2
 313 0053 08       		.byte	0x8
 314 0054 05       		.byte	0x5
 315 0055 9A010000 		.4byte	.LASF6
 316 0059 02       		.uleb128 0x2
 317 005a 08       		.byte	0x8
 318 005b 07       		.byte	0x7
 319 005c 4F010000 		.4byte	.LASF7
 320 0060 04       		.uleb128 0x4
 321 0061 04       		.byte	0x4
 322 0062 05       		.byte	0x5
 323 0063 696E7400 		.ascii	"int\000"
 324 0067 02       		.uleb128 0x2
 325 0068 04       		.byte	0x4
 326 0069 07       		.byte	0x7
 327 006a 42010000 		.4byte	.LASF8
 328 006e 03       		.uleb128 0x3
 329 006f 66010000 		.4byte	.LASF10
 330 0073 02       		.byte	0x2
 331 0074 18       		.byte	0x18
 332 0075 24000000 		.4byte	0x24
 333 0079 05       		.uleb128 0x5
 334 007a 90000000 		.4byte	0x90
 335 007e 89000000 		.4byte	0x89
 336 0082 06       		.uleb128 0x6
 337 0083 89000000 		.4byte	0x89
 338 0087 C3       		.byte	0xc3
ARM GAS  C:\Users\santa\AppData\Local\Temp\cckbqkvN.s 			page 7


 339 0088 00       		.byte	0
 340 0089 02       		.uleb128 0x2
 341 008a 04       		.byte	0x4
 342 008b 07       		.byte	0x7
 343 008c 91010000 		.4byte	.LASF11
 344 0090 07       		.uleb128 0x7
 345 0091 6E000000 		.4byte	0x6e
 346 0095 08       		.uleb128 0x8
 347 0096 30010000 		.4byte	.LASF12
 348 009a 03       		.byte	0x3
 349 009b 1F       		.byte	0x1f
 350 009c A6000000 		.4byte	0xa6
 351 00a0 05       		.uleb128 0x5
 352 00a1 03       		.byte	0x3
 353 00a2 00000000 		.4byte	cy_meta_configecc
 354 00a6 07       		.uleb128 0x7
 355 00a7 79000000 		.4byte	0x79
 356 00ab 05       		.uleb128 0x5
 357 00ac 90000000 		.4byte	0x90
 358 00b0 BB000000 		.4byte	0xbb
 359 00b4 06       		.uleb128 0x6
 360 00b5 89000000 		.4byte	0x89
 361 00b9 03       		.byte	0x3
 362 00ba 00       		.byte	0
 363 00bb 08       		.uleb128 0x8
 364 00bc 20010000 		.4byte	.LASF13
 365 00c0 03       		.byte	0x3
 366 00c1 45       		.byte	0x45
 367 00c2 CC000000 		.4byte	0xcc
 368 00c6 05       		.uleb128 0x5
 369 00c7 03       		.byte	0x3
 370 00c8 00000000 		.4byte	cy_meta_custnvl
 371 00cc 07       		.uleb128 0x7
 372 00cd AB000000 		.4byte	0xab
 373 00d1 08       		.uleb128 0x8
 374 00d2 83010000 		.4byte	.LASF14
 375 00d6 03       		.byte	0x3
 376 00d7 53       		.byte	0x53
 377 00d8 E2000000 		.4byte	0xe2
 378 00dc 05       		.uleb128 0x5
 379 00dd 03       		.byte	0x3
 380 00de 00000000 		.4byte	cy_meta_wonvl
 381 00e2 07       		.uleb128 0x7
 382 00e3 AB000000 		.4byte	0xab
 383 00e7 05       		.uleb128 0x5
 384 00e8 90000000 		.4byte	0x90
 385 00ec F7000000 		.4byte	0xf7
 386 00f0 06       		.uleb128 0x6
 387 00f1 89000000 		.4byte	0x89
 388 00f5 FF       		.byte	0xff
 389 00f6 00       		.byte	0
 390 00f7 08       		.uleb128 0x8
 391 00f8 6E010000 		.4byte	.LASF15
 392 00fc 03       		.byte	0x3
 393 00fd 61       		.byte	0x61
 394 00fe 08010000 		.4byte	0x108
 395 0102 05       		.uleb128 0x5
ARM GAS  C:\Users\santa\AppData\Local\Temp\cckbqkvN.s 			page 8


 396 0103 03       		.byte	0x3
 397 0104 00000000 		.4byte	cy_meta_flashprotect
 398 0108 07       		.uleb128 0x7
 399 0109 E7000000 		.4byte	0xe7
 400 010d 05       		.uleb128 0x5
 401 010e 90000000 		.4byte	0x90
 402 0112 1D010000 		.4byte	0x11d
 403 0116 06       		.uleb128 0x6
 404 0117 89000000 		.4byte	0x89
 405 011b 0B       		.byte	0xb
 406 011c 00       		.byte	0
 407 011d 08       		.uleb128 0x8
 408 011e 0A000000 		.4byte	.LASF16
 409 0122 03       		.byte	0x3
 410 0123 8E       		.byte	0x8e
 411 0124 2E010000 		.4byte	0x12e
 412 0128 05       		.uleb128 0x5
 413 0129 03       		.byte	0x3
 414 012a 00000000 		.4byte	cy_metadata
 415 012e 07       		.uleb128 0x7
 416 012f 0D010000 		.4byte	0x10d
 417 0133 00       		.byte	0
 418              		.section	.debug_abbrev,"",%progbits
 419              	.Ldebug_abbrev0:
 420 0000 01       		.uleb128 0x1
 421 0001 11       		.uleb128 0x11
 422 0002 01       		.byte	0x1
 423 0003 25       		.uleb128 0x25
 424 0004 0E       		.uleb128 0xe
 425 0005 13       		.uleb128 0x13
 426 0006 0B       		.uleb128 0xb
 427 0007 03       		.uleb128 0x3
 428 0008 0E       		.uleb128 0xe
 429 0009 1B       		.uleb128 0x1b
 430 000a 0E       		.uleb128 0xe
 431 000b 10       		.uleb128 0x10
 432 000c 17       		.uleb128 0x17
 433 000d 00       		.byte	0
 434 000e 00       		.byte	0
 435 000f 02       		.uleb128 0x2
 436 0010 24       		.uleb128 0x24
 437 0011 00       		.byte	0
 438 0012 0B       		.uleb128 0xb
 439 0013 0B       		.uleb128 0xb
 440 0014 3E       		.uleb128 0x3e
 441 0015 0B       		.uleb128 0xb
 442 0016 03       		.uleb128 0x3
 443 0017 0E       		.uleb128 0xe
 444 0018 00       		.byte	0
 445 0019 00       		.byte	0
 446 001a 03       		.uleb128 0x3
 447 001b 16       		.uleb128 0x16
 448 001c 00       		.byte	0
 449 001d 03       		.uleb128 0x3
 450 001e 0E       		.uleb128 0xe
 451 001f 3A       		.uleb128 0x3a
 452 0020 0B       		.uleb128 0xb
ARM GAS  C:\Users\santa\AppData\Local\Temp\cckbqkvN.s 			page 9


 453 0021 3B       		.uleb128 0x3b
 454 0022 0B       		.uleb128 0xb
 455 0023 49       		.uleb128 0x49
 456 0024 13       		.uleb128 0x13
 457 0025 00       		.byte	0
 458 0026 00       		.byte	0
 459 0027 04       		.uleb128 0x4
 460 0028 24       		.uleb128 0x24
 461 0029 00       		.byte	0
 462 002a 0B       		.uleb128 0xb
 463 002b 0B       		.uleb128 0xb
 464 002c 3E       		.uleb128 0x3e
 465 002d 0B       		.uleb128 0xb
 466 002e 03       		.uleb128 0x3
 467 002f 08       		.uleb128 0x8
 468 0030 00       		.byte	0
 469 0031 00       		.byte	0
 470 0032 05       		.uleb128 0x5
 471 0033 01       		.uleb128 0x1
 472 0034 01       		.byte	0x1
 473 0035 49       		.uleb128 0x49
 474 0036 13       		.uleb128 0x13
 475 0037 01       		.uleb128 0x1
 476 0038 13       		.uleb128 0x13
 477 0039 00       		.byte	0
 478 003a 00       		.byte	0
 479 003b 06       		.uleb128 0x6
 480 003c 21       		.uleb128 0x21
 481 003d 00       		.byte	0
 482 003e 49       		.uleb128 0x49
 483 003f 13       		.uleb128 0x13
 484 0040 2F       		.uleb128 0x2f
 485 0041 0B       		.uleb128 0xb
 486 0042 00       		.byte	0
 487 0043 00       		.byte	0
 488 0044 07       		.uleb128 0x7
 489 0045 26       		.uleb128 0x26
 490 0046 00       		.byte	0
 491 0047 49       		.uleb128 0x49
 492 0048 13       		.uleb128 0x13
 493 0049 00       		.byte	0
 494 004a 00       		.byte	0
 495 004b 08       		.uleb128 0x8
 496 004c 34       		.uleb128 0x34
 497 004d 00       		.byte	0
 498 004e 03       		.uleb128 0x3
 499 004f 0E       		.uleb128 0xe
 500 0050 3A       		.uleb128 0x3a
 501 0051 0B       		.uleb128 0xb
 502 0052 3B       		.uleb128 0x3b
 503 0053 0B       		.uleb128 0xb
 504 0054 49       		.uleb128 0x49
 505 0055 13       		.uleb128 0x13
 506 0056 3F       		.uleb128 0x3f
 507 0057 19       		.uleb128 0x19
 508 0058 02       		.uleb128 0x2
 509 0059 18       		.uleb128 0x18
ARM GAS  C:\Users\santa\AppData\Local\Temp\cckbqkvN.s 			page 10


 510 005a 00       		.byte	0
 511 005b 00       		.byte	0
 512 005c 00       		.byte	0
 513              		.section	.debug_aranges,"",%progbits
 514 0000 14000000 		.4byte	0x14
 515 0004 0200     		.2byte	0x2
 516 0006 00000000 		.4byte	.Ldebug_info0
 517 000a 04       		.byte	0x4
 518 000b 00       		.byte	0
 519 000c 0000     		.2byte	0
 520 000e 0000     		.2byte	0
 521 0010 00000000 		.4byte	0
 522 0014 00000000 		.4byte	0
 523              		.section	.debug_line,"",%progbits
 524              	.Ldebug_line0:
 525 0000 3D010000 		.section	.debug_str,"MS",%progbits,1
 525      02003701 
 525      00000201 
 525      FB0E0D00 
 525      01010101 
 526              	.LASF9:
 527 0000 5F5F7569 		.ascii	"__uint8_t\000"
 527      6E74385F 
 527      7400
 528              	.LASF16:
 529 000a 63795F6D 		.ascii	"cy_metadata\000"
 529      65746164 
 529      61746100 
 530              	.LASF19:
 531 0016 433A5C55 		.ascii	"C:\\Users\\santa\\OneDrive\\Documentos\\PSoC Creato"
 531      73657273 
 531      5C73616E 
 531      74615C4F 
 531      6E654472 
 532 0044 725C4C61 		.ascii	"r\\Lab4\\Lab4_Version2.cydsn\000"
 532      62345C4C 
 532      6162345F 
 532      56657273 
 532      696F6E32 
 533              	.LASF17:
 534 005f 474E5520 		.ascii	"GNU C11 5.4.1 20160609 (release) [ARM/embedded-5-br"
 534      43313120 
 534      352E342E 
 534      31203230 
 534      31363036 
 535 0092 616E6368 		.ascii	"anch revision 237715] -mcpu=cortex-m3 -mthumb -g -O"
 535      20726576 
 535      6973696F 
 535      6E203233 
 535      37373135 
 536 00c5 67202D66 		.ascii	"g -ffunction-sections -ffat-lto-objects\000"
 536      66756E63 
 536      74696F6E 
 536      2D736563 
 536      74696F6E 
 537              	.LASF5:
 538 00ed 6C6F6E67 		.ascii	"long unsigned int\000"
ARM GAS  C:\Users\santa\AppData\Local\Temp\cckbqkvN.s 			page 11


 538      20756E73 
 538      69676E65 
 538      6420696E 
 538      7400
 539              	.LASF3:
 540 00ff 73686F72 		.ascii	"short unsigned int\000"
 540      7420756E 
 540      7369676E 
 540      65642069 
 540      6E7400
 541              	.LASF1:
 542 0112 756E7369 		.ascii	"unsigned char\000"
 542      676E6564 
 542      20636861 
 542      7200
 543              	.LASF13:
 544 0120 63795F6D 		.ascii	"cy_meta_custnvl\000"
 544      6574615F 
 544      63757374 
 544      6E766C00 
 545              	.LASF12:
 546 0130 63795F6D 		.ascii	"cy_meta_configecc\000"
 546      6574615F 
 546      636F6E66 
 546      69676563 
 546      6300
 547              	.LASF8:
 548 0142 756E7369 		.ascii	"unsigned int\000"
 548      676E6564 
 548      20696E74 
 548      00
 549              	.LASF7:
 550 014f 6C6F6E67 		.ascii	"long long unsigned int\000"
 550      206C6F6E 
 550      6720756E 
 550      7369676E 
 550      65642069 
 551              	.LASF10:
 552 0166 75696E74 		.ascii	"uint8_t\000"
 552      385F7400 
 553              	.LASF15:
 554 016e 63795F6D 		.ascii	"cy_meta_flashprotect\000"
 554      6574615F 
 554      666C6173 
 554      6870726F 
 554      74656374 
 555              	.LASF14:
 556 0183 63795F6D 		.ascii	"cy_meta_wonvl\000"
 556      6574615F 
 556      776F6E76 
 556      6C00
 557              	.LASF11:
 558 0191 73697A65 		.ascii	"sizetype\000"
 558      74797065 
 558      00
 559              	.LASF6:
 560 019a 6C6F6E67 		.ascii	"long long int\000"
ARM GAS  C:\Users\santa\AppData\Local\Temp\cckbqkvN.s 			page 12


 560      206C6F6E 
 560      6720696E 
 560      7400
 561              	.LASF2:
 562 01a8 73686F72 		.ascii	"short int\000"
 562      7420696E 
 562      7400
 563              	.LASF4:
 564 01b2 6C6F6E67 		.ascii	"long int\000"
 564      20696E74 
 564      00
 565              	.LASF0:
 566 01bb 7369676E 		.ascii	"signed char\000"
 566      65642063 
 566      68617200 
 567              	.LASF18:
 568 01c7 47656E65 		.ascii	"Generated_Source\\PSoC5\\cymetadata.c\000"
 568      72617465 
 568      645F536F 
 568      75726365 
 568      5C50536F 
 569              		.ident	"GCC: (GNU Tools for ARM Embedded Processors) 5.4.1 20160609 (release) [ARM/embedded-5-bran
